<?xml version="1.0" encoding="UTF-8"?>
<!-- Generated by org.testng.reporters.JUnitReportReporter -->
<testsuite skipped="0" hostname="CAI1-L13023" name="Local_Project.Automation_Epic_Part_3.Test_Case_2" tests="1" failures="0" timestamp="01 Apr 2020 00:54:08 GMT" time="34.718" errors="0">
  <testcase name="test_1" time="34.718" classname="Local_Project.Automation_Epic_Part_3.Test_Case_2"/>
</testsuite> <!-- Local_Project.Automation_Epic_Part_3.Test_Case_2 -->
