<?xml version="1.0" encoding="UTF-8"?>
<!-- Generated by org.testng.reporters.JUnitReportReporter -->
<testsuite skipped="0" hostname="CAI1-L13023" name="Local_Project.Automation_Epic_Part_3.Test_case_1" tests="1" failures="0" timestamp="01 Apr 2020 00:54:08 GMT" time="31.794" errors="0">
  <testcase name="test_1" time="31.794" classname="Local_Project.Automation_Epic_Part_3.Test_case_1"/>
</testsuite> <!-- Local_Project.Automation_Epic_Part_3.Test_case_1 -->
